<?xml version="1.0" encoding="UTF-8"?>
<Site BuildName="(empty)"
	BuildStamp="20251205-2353-Experimental"
	Name="(empty)"
	Generator="ctest-4.1.1"
	CompilerName=""
	CompilerVersion=""
	OSName="Linux"
	Hostname="simon-pc"
	OSRelease="6.16.8-1-MANJARO"
	OSVersion="#1 SMP PREEMPT_DYNAMIC Fri, 19 Sep 2025 16:09:36 +0000"
	OSPlatform="x86_64"
	Is64Bits="1"
	VendorString="GenuineIntel"
	VendorID="Intel Corporation"
	FamilyID="6"
	ModelID="158"
	ModelName="Intel(R) Core(TM) i5-7300HQ CPU @ 2.50GHz"
	ProcessorCacheSize="6144"
	NumberOfLogicalCPU="4"
	NumberOfPhysicalCPU="4"
	TotalVirtualMemory="0"
	TotalPhysicalMemory="23772"
	LogicalProcessorsPerPhysical="1"
	ProcessorClockFrequency="3100"
	>
	<Testing>
		<StartDateTime>Dec 06 04:25 MSK</StartDateTime>
		<StartTestTime>1764984304</StartTestTime>
		<TestList/>
		<EndDateTime>Dec 06 04:25 MSK</EndDateTime>
		<EndTestTime>1764984304</EndTestTime>
		<ElapsedMinutes>0</ElapsedMinutes>
	</Testing>
</Site>
